<?xml version="1.0" encoding="UTF-8"?>
<!-- Generated by org.testng.reporters.JUnitReportReporter -->
<testsuite hostname="mnm-Lenovo-E40-80" name="testsuite.TestSuite" tests="1" failures="0" timestamp="23 Aug 2020 16:30:06 GMT" time="94.276" errors="0">
  <testcase name="login" time="94.276" classname="testsuite.TestSuite"/>
</testsuite> <!-- testsuite.TestSuite -->
