<?xml version="1.0" encoding="UTF-8"?>
<!-- Generated by org.testng.reporters.JUnitReportReporter -->
<testsuite hostname="mnm-Lenovo-E40-80" name="testsuite.TestSuite" tests="1" failures="0" timestamp="22 Aug 2020 14:31:18 GMT" time="88.450" errors="0">
  <testcase name="login" time="88.450" classname="testsuite.TestSuite"/>
</testsuite> <!-- testsuite.TestSuite -->
